08-16 13:54:10 INFO org.springframework.web.context.ContextLoader.initWebApplicationContext(ContextLoader.java:272) - Root WebApplicationContext: initialization started
08-16 13:54:11 INFO org.springframework.context.support.AbstractApplicationContext.prepareRefresh(AbstractApplicationContext.java:510) - Refreshing Root WebApplicationContext: startup date [Sun Aug 16 13:54:11 CST 2015]; root of context hierarchy
08-16 13:54:11 INFO org.springframework.beans.factory.xml.XmlBeanDefinitionReader.loadBeanDefinitions(XmlBeanDefinitionReader.java:315) - Loading XML bean definitions from class path resource [applicationContext.xml]
08-16 13:54:11 INFO org.springframework.context.annotation.ClassPathScanningCandidateComponentProvider.registerDefaultFilters(ClassPathScanningCandidateComponentProvider.java:230) - JSR-330 'javax.inject.Named' annotation found and supported for component scanning
08-16 13:54:11 INFO org.springframework.core.io.support.PropertiesLoaderSupport.loadProperties(PropertiesLoaderSupport.java:177) - Loading properties file from URL [file:/D:/Echo/antproject/ant/target/classes/application.properties]
08-16 13:54:12 INFO org.springframework.beans.factory.annotation.AutowiredAnnotationBeanPostProcessor.<init>(AutowiredAnnotationBeanPostProcessor.java:140) - JSR-330 'javax.inject.Inject' annotation found and supported for autowiring
08-16 13:54:12 INFO org.springframework.beans.factory.support.DefaultListableBeanFactory.preInstantiateSingletons(DefaultListableBeanFactory.java:577) - Pre-instantiating singletons in org.springframework.beans.factory.support.DefaultListableBeanFactory@45915b07: defining beans [org.springframework.beans.factory.config.PropertyPlaceholderConfigurer#0,org.springframework.context.annotation.internalConfigurationAnnotationProcessor,org.springframework.context.annotation.internalAutowiredAnnotationProcessor,org.springframework.context.annotation.internalRequiredAnnotationProcessor,org.springframework.context.annotation.internalCommonAnnotationProcessor,userController,yzmController,userDao,userService,dataSource,sqlSessionFactory,transactionManager,org.springframework.aop.config.internalAutoProxyCreator,org.springframework.transaction.annotation.AnnotationTransactionAttributeSource#0,org.springframework.transaction.interceptor.TransactionInterceptor#0,org.springframework.transaction.config.internalTransactionAdvisor,org.springframework.context.annotation.CommonAnnotationBeanPostProcessor#0,org.springframework.context.annotation.ConfigurationClassPostProcessor.importAwareProcessor]; root of factory hierarchy
08-16 13:54:12 INFO com.mchange.v2.log.MLog.<clinit>(MLog.java:80) - MLog clients using log4j logging.
08-16 13:54:12 INFO com.mchange.v2.c3p0.C3P0Registry.banner(C3P0Registry.java:204) - Initializing c3p0-0.9.2 [built 09-February-2013 02:13:17 +0000; debug? true; trace: 10]
08-16 13:54:12 INFO com.mchange.v2.c3p0.impl.AbstractPoolBackedDataSource.getPoolManager(AbstractPoolBackedDataSource.java:510) - Initializing c3p0 pool... com.mchange.v2.c3p0.ComboPooledDataSource [ acquireIncrement -> 5, acquireRetryAttempts -> 30, acquireRetryDelay -> 1000, autoCommitOnClose -> false, automaticTestTable -> null, breakAfterAcquireFailure -> true, checkoutTimeout -> 0, connectionCustomizerClassName -> null, connectionTesterClassName -> com.mchange.v2.c3p0.impl.DefaultConnectionTester, dataSourceName -> 1hge4f89beq4jb719vn8pd|e328f44, debugUnreturnedConnectionStackTraces -> false, description -> null, driverClass -> com.mysql.jdbc.Driver, factoryClassLocation -> null, forceIgnoreUnresolvedTransactions -> false, identityToken -> 1hge4f89beq4jb719vn8pd|e328f44, idleConnectionTestPeriod -> 1800, initialPoolSize -> 20, jdbcUrl -> jdbc:mysql://123.57.46.219/ant?useUnicode=true&characterEncoding=GBK, maxAdministrativeTaskTime -> 0, maxConnectionAge -> 0, maxIdleTime -> 1800, maxIdleTimeExcessConnections -> 0, maxPoolSize -> 100, maxStatements -> 0, maxStatementsPerConnection -> 0, minPoolSize -> 20, numHelperThreads -> 3, preferredTestQuery -> null, properties -> {user=******, password=******}, propertyCycle -> 0, statementCacheNumDeferredCloseThreads -> 0, testConnectionOnCheckin -> false, testConnectionOnCheckout -> false, unreturnedConnectionTimeout -> 0, userOverrides -> {}, usesTraditionalReflectiveProxies -> false ]
08-16 13:54:13 INFO org.springframework.web.context.ContextLoader.initWebApplicationContext(ContextLoader.java:301) - Root WebApplicationContext: initialization completed in 2662 ms
08-16 13:54:13 INFO org.springframework.web.servlet.FrameworkServlet.initServletBean(FrameworkServlet.java:453) - FrameworkServlet 'springmvc': initialization started
08-16 13:54:13 INFO org.springframework.context.support.AbstractApplicationContext.prepareRefresh(AbstractApplicationContext.java:510) - Refreshing WebApplicationContext for namespace 'springmvc-servlet': startup date [Sun Aug 16 13:54:13 CST 2015]; parent: Root WebApplicationContext
08-16 13:54:13 INFO org.springframework.beans.factory.xml.XmlBeanDefinitionReader.loadBeanDefinitions(XmlBeanDefinitionReader.java:315) - Loading XML bean definitions from class path resource [springmvc-servlet.xml]
08-16 13:54:13 INFO org.springframework.context.annotation.ClassPathScanningCandidateComponentProvider.registerDefaultFilters(ClassPathScanningCandidateComponentProvider.java:230) - JSR-330 'javax.inject.Named' annotation found and supported for component scanning
08-16 13:54:14 INFO org.springframework.beans.factory.annotation.AutowiredAnnotationBeanPostProcessor.<init>(AutowiredAnnotationBeanPostProcessor.java:140) - JSR-330 'javax.inject.Inject' annotation found and supported for autowiring
08-16 13:54:14 INFO org.springframework.beans.factory.support.DefaultListableBeanFactory.preInstantiateSingletons(DefaultListableBeanFactory.java:577) - Pre-instantiating singletons in org.springframework.beans.factory.support.DefaultListableBeanFactory@4a9741c2: defining beans [userController,yzmController,org.springframework.context.annotation.internalConfigurationAnnotationProcessor,org.springframework.context.annotation.internalAutowiredAnnotationProcessor,org.springframework.context.annotation.internalRequiredAnnotationProcessor,org.springframework.context.annotation.internalCommonAnnotationProcessor,org.springframework.web.servlet.mvc.annotation.DefaultAnnotationHandlerMapping#0,org.springframework.web.servlet.mvc.annotation.AnnotationMethodHandlerAdapter#0,org.springframework.web.servlet.view.InternalResourceViewResolver#0,multipartResolver,org.springframework.web.servlet.resource.DefaultServletHttpRequestHandler#0,org.springframework.web.servlet.handler.SimpleUrlHandlerMapping#0,org.springframework.web.servlet.handler.BeanNameUrlHandlerMapping,org.springframework.web.servlet.mvc.HttpRequestHandlerAdapter,org.springframework.web.servlet.mvc.SimpleControllerHandlerAdapter,org.springframework.context.annotation.ConfigurationClassPostProcessor.importAwareProcessor]; parent: org.springframework.beans.factory.support.DefaultListableBeanFactory@45915b07
08-16 13:54:14 INFO org.springframework.web.servlet.handler.AbstractUrlHandlerMapping.registerHandler(AbstractUrlHandlerMapping.java:315) - Mapped URL path [/user/update] onto handler 'userController'
08-16 13:54:14 INFO org.springframework.web.servlet.handler.AbstractUrlHandlerMapping.registerHandler(AbstractUrlHandlerMapping.java:315) - Mapped URL path [/user/update.*] onto handler 'userController'
08-16 13:54:14 INFO org.springframework.web.servlet.handler.AbstractUrlHandlerMapping.registerHandler(AbstractUrlHandlerMapping.java:315) - Mapped URL path [/user/update/] onto handler 'userController'
08-16 13:54:14 INFO org.springframework.web.servlet.handler.AbstractUrlHandlerMapping.registerHandler(AbstractUrlHandlerMapping.java:315) - Mapped URL path [/user/reg] onto handler 'userController'
08-16 13:54:14 INFO org.springframework.web.servlet.handler.AbstractUrlHandlerMapping.registerHandler(AbstractUrlHandlerMapping.java:315) - Mapped URL path [/user/reg.*] onto handler 'userController'
08-16 13:54:14 INFO org.springframework.web.servlet.handler.AbstractUrlHandlerMapping.registerHandler(AbstractUrlHandlerMapping.java:315) - Mapped URL path [/user/reg/] onto handler 'userController'
08-16 13:54:14 INFO org.springframework.web.servlet.handler.AbstractUrlHandlerMapping.registerHandler(AbstractUrlHandlerMapping.java:315) - Mapped URL path [/user/login] onto handler 'userController'
08-16 13:54:14 INFO org.springframework.web.servlet.handler.AbstractUrlHandlerMapping.registerHandler(AbstractUrlHandlerMapping.java:315) - Mapped URL path [/user/login.*] onto handler 'userController'
08-16 13:54:14 INFO org.springframework.web.servlet.handler.AbstractUrlHandlerMapping.registerHandler(AbstractUrlHandlerMapping.java:315) - Mapped URL path [/user/login/] onto handler 'userController'
08-16 13:54:14 INFO org.springframework.web.servlet.handler.AbstractUrlHandlerMapping.registerHandler(AbstractUrlHandlerMapping.java:315) - Mapped URL path [/user/queryUser] onto handler 'userController'
08-16 13:54:14 INFO org.springframework.web.servlet.handler.AbstractUrlHandlerMapping.registerHandler(AbstractUrlHandlerMapping.java:315) - Mapped URL path [/user/queryUser.*] onto handler 'userController'
08-16 13:54:14 INFO org.springframework.web.servlet.handler.AbstractUrlHandlerMapping.registerHandler(AbstractUrlHandlerMapping.java:315) - Mapped URL path [/user/queryUser/] onto handler 'userController'
08-16 13:54:14 INFO org.springframework.web.servlet.handler.AbstractUrlHandlerMapping.registerHandler(AbstractUrlHandlerMapping.java:315) - Mapped URL path [/user/getYzmByEmail] onto handler 'userController'
08-16 13:54:14 INFO org.springframework.web.servlet.handler.AbstractUrlHandlerMapping.registerHandler(AbstractUrlHandlerMapping.java:315) - Mapped URL path [/user/getYzmByEmail.*] onto handler 'userController'
08-16 13:54:14 INFO org.springframework.web.servlet.handler.AbstractUrlHandlerMapping.registerHandler(AbstractUrlHandlerMapping.java:315) - Mapped URL path [/user/getYzmByEmail/] onto handler 'userController'
08-16 13:54:14 INFO org.springframework.web.servlet.handler.AbstractUrlHandlerMapping.registerHandler(AbstractUrlHandlerMapping.java:315) - Mapped URL path [/user/mailActive] onto handler 'userController'
08-16 13:54:14 INFO org.springframework.web.servlet.handler.AbstractUrlHandlerMapping.registerHandler(AbstractUrlHandlerMapping.java:315) - Mapped URL path [/user/mailActive.*] onto handler 'userController'
08-16 13:54:14 INFO org.springframework.web.servlet.handler.AbstractUrlHandlerMapping.registerHandler(AbstractUrlHandlerMapping.java:315) - Mapped URL path [/user/mailActive/] onto handler 'userController'
08-16 13:54:14 INFO org.springframework.web.servlet.handler.AbstractUrlHandlerMapping.registerHandler(AbstractUrlHandlerMapping.java:315) - Mapped URL path [/user/getYzmByPhone] onto handler 'userController'
08-16 13:54:14 INFO org.springframework.web.servlet.handler.AbstractUrlHandlerMapping.registerHandler(AbstractUrlHandlerMapping.java:315) - Mapped URL path [/user/getYzmByPhone.*] onto handler 'userController'
08-16 13:54:14 INFO org.springframework.web.servlet.handler.AbstractUrlHandlerMapping.registerHandler(AbstractUrlHandlerMapping.java:315) - Mapped URL path [/user/getYzmByPhone/] onto handler 'userController'
08-16 13:54:14 INFO org.springframework.web.servlet.handler.AbstractUrlHandlerMapping.registerHandler(AbstractUrlHandlerMapping.java:315) - Mapped URL path [/user/modifypasswd] onto handler 'userController'
08-16 13:54:14 INFO org.springframework.web.servlet.handler.AbstractUrlHandlerMapping.registerHandler(AbstractUrlHandlerMapping.java:315) - Mapped URL path [/user/modifypasswd.*] onto handler 'userController'
08-16 13:54:14 INFO org.springframework.web.servlet.handler.AbstractUrlHandlerMapping.registerHandler(AbstractUrlHandlerMapping.java:315) - Mapped URL path [/user/modifypasswd/] onto handler 'userController'
08-16 13:54:14 INFO org.springframework.web.servlet.handler.AbstractUrlHandlerMapping.registerHandler(AbstractUrlHandlerMapping.java:315) - Mapped URL path [/user/userSignIn] onto handler 'userController'
08-16 13:54:14 INFO org.springframework.web.servlet.handler.AbstractUrlHandlerMapping.registerHandler(AbstractUrlHandlerMapping.java:315) - Mapped URL path [/user/userSignIn.*] onto handler 'userController'
08-16 13:54:14 INFO org.springframework.web.servlet.handler.AbstractUrlHandlerMapping.registerHandler(AbstractUrlHandlerMapping.java:315) - Mapped URL path [/user/userSignIn/] onto handler 'userController'
08-16 13:54:14 INFO org.springframework.web.servlet.handler.AbstractUrlHandlerMapping.registerHandler(AbstractUrlHandlerMapping.java:315) - Mapped URL path [/user/userUnique] onto handler 'userController'
08-16 13:54:14 INFO org.springframework.web.servlet.handler.AbstractUrlHandlerMapping.registerHandler(AbstractUrlHandlerMapping.java:315) - Mapped URL path [/user/userUnique.*] onto handler 'userController'
08-16 13:54:14 INFO org.springframework.web.servlet.handler.AbstractUrlHandlerMapping.registerHandler(AbstractUrlHandlerMapping.java:315) - Mapped URL path [/user/userUnique/] onto handler 'userController'
08-16 13:54:14 INFO org.springframework.web.servlet.handler.AbstractUrlHandlerMapping.registerHandler(AbstractUrlHandlerMapping.java:315) - Mapped URL path [/user] onto handler 'userController'
08-16 13:54:14 INFO org.springframework.web.servlet.handler.AbstractUrlHandlerMapping.registerHandler(AbstractUrlHandlerMapping.java:315) - Mapped URL path [/user.*] onto handler 'userController'
08-16 13:54:14 INFO org.springframework.web.servlet.handler.AbstractUrlHandlerMapping.registerHandler(AbstractUrlHandlerMapping.java:315) - Mapped URL path [/user/] onto handler 'userController'
08-16 13:54:14 INFO org.springframework.web.servlet.handler.AbstractUrlHandlerMapping.registerHandler(AbstractUrlHandlerMapping.java:315) - Mapped URL path [/**] onto handler 'org.springframework.web.servlet.resource.DefaultServletHttpRequestHandler#0'
08-16 13:54:15 INFO org.springframework.web.servlet.FrameworkServlet.initServletBean(FrameworkServlet.java:472) - FrameworkServlet 'springmvc': initialization completed in 1310 ms
08-16 13:54:44 INFO com.kzsrm.interceptor.BaseAuthInterceptor.preHandle(BaseAuthInterceptor.java:56) - enter BaseAuthInterceptor perHandle method...
08-16 13:54:44 INFO com.kzsrm.interceptor.BaseAuthInterceptor.preHandle(BaseAuthInterceptor.java:58) - Visitor URI[/user/update],
	Headers->Host=localhost:8080	HTTPS=1	Cookie=JSESSIONID=u783f2pczeur	Content-Length=6400	Origin=http://localhost:8080	
	Parameters->submit=Submit	
08-16 13:55:04 INFO org.springframework.web.context.ContextLoader.initWebApplicationContext(ContextLoader.java:272) - Root WebApplicationContext: initialization started
08-16 13:55:04 INFO org.springframework.context.support.AbstractApplicationContext.prepareRefresh(AbstractApplicationContext.java:510) - Refreshing Root WebApplicationContext: startup date [Sun Aug 16 13:55:04 CST 2015]; root of context hierarchy
08-16 13:55:04 INFO org.springframework.beans.factory.xml.XmlBeanDefinitionReader.loadBeanDefinitions(XmlBeanDefinitionReader.java:315) - Loading XML bean definitions from class path resource [applicationContext.xml]
08-16 13:55:04 INFO org.springframework.context.annotation.ClassPathScanningCandidateComponentProvider.registerDefaultFilters(ClassPathScanningCandidateComponentProvider.java:230) - JSR-330 'javax.inject.Named' annotation found and supported for component scanning
08-16 13:55:05 INFO org.springframework.core.io.support.PropertiesLoaderSupport.loadProperties(PropertiesLoaderSupport.java:177) - Loading properties file from URL [file:/D:/Echo/antproject/ant/target/classes/application.properties]
08-16 13:55:05 INFO org.springframework.beans.factory.annotation.AutowiredAnnotationBeanPostProcessor.<init>(AutowiredAnnotationBeanPostProcessor.java:140) - JSR-330 'javax.inject.Inject' annotation found and supported for autowiring
08-16 13:55:05 INFO org.springframework.beans.factory.support.DefaultListableBeanFactory.preInstantiateSingletons(DefaultListableBeanFactory.java:577) - Pre-instantiating singletons in org.springframework.beans.factory.support.DefaultListableBeanFactory@3abfa5d0: defining beans [org.springframework.beans.factory.config.PropertyPlaceholderConfigurer#0,org.springframework.context.annotation.internalConfigurationAnnotationProcessor,org.springframework.context.annotation.internalAutowiredAnnotationProcessor,org.springframework.context.annotation.internalRequiredAnnotationProcessor,org.springframework.context.annotation.internalCommonAnnotationProcessor,userController,yzmController,userDao,userService,dataSource,sqlSessionFactory,transactionManager,org.springframework.aop.config.internalAutoProxyCreator,org.springframework.transaction.annotation.AnnotationTransactionAttributeSource#0,org.springframework.transaction.interceptor.TransactionInterceptor#0,org.springframework.transaction.config.internalTransactionAdvisor,org.springframework.context.annotation.CommonAnnotationBeanPostProcessor#0,org.springframework.context.annotation.ConfigurationClassPostProcessor.importAwareProcessor]; root of factory hierarchy
08-16 13:55:05 INFO com.mchange.v2.log.MLog.<clinit>(MLog.java:80) - MLog clients using log4j logging.
08-16 13:55:05 INFO com.mchange.v2.c3p0.C3P0Registry.banner(C3P0Registry.java:204) - Initializing c3p0-0.9.2 [built 09-February-2013 02:13:17 +0000; debug? true; trace: 10]
08-16 13:55:05 INFO com.mchange.v2.c3p0.impl.AbstractPoolBackedDataSource.getPoolManager(AbstractPoolBackedDataSource.java:510) - Initializing c3p0 pool... com.mchange.v2.c3p0.ComboPooledDataSource [ acquireIncrement -> 5, acquireRetryAttempts -> 30, acquireRetryDelay -> 1000, autoCommitOnClose -> false, automaticTestTable -> null, breakAfterAcquireFailure -> true, checkoutTimeout -> 0, connectionCustomizerClassName -> null, connectionTesterClassName -> com.mchange.v2.c3p0.impl.DefaultConnectionTester, dataSourceName -> 1hge4f89beq5o61wf27s4|3d44214e, debugUnreturnedConnectionStackTraces -> false, description -> null, driverClass -> com.mysql.jdbc.Driver, factoryClassLocation -> null, forceIgnoreUnresolvedTransactions -> false, identityToken -> 1hge4f89beq5o61wf27s4|3d44214e, idleConnectionTestPeriod -> 1800, initialPoolSize -> 20, jdbcUrl -> jdbc:mysql://123.57.46.219/ant?useUnicode=true&characterEncoding=GBK, maxAdministrativeTaskTime -> 0, maxConnectionAge -> 0, maxIdleTime -> 1800, maxIdleTimeExcessConnections -> 0, maxPoolSize -> 100, maxStatements -> 0, maxStatementsPerConnection -> 0, minPoolSize -> 20, numHelperThreads -> 3, preferredTestQuery -> null, properties -> {user=******, password=******}, propertyCycle -> 0, statementCacheNumDeferredCloseThreads -> 0, testConnectionOnCheckin -> false, testConnectionOnCheckout -> false, unreturnedConnectionTimeout -> 0, userOverrides -> {}, usesTraditionalReflectiveProxies -> false ]
08-16 13:55:06 INFO org.springframework.web.context.ContextLoader.initWebApplicationContext(ContextLoader.java:301) - Root WebApplicationContext: initialization completed in 2406 ms
08-16 13:55:06 INFO org.springframework.web.servlet.FrameworkServlet.initServletBean(FrameworkServlet.java:453) - FrameworkServlet 'springmvc': initialization started
08-16 13:55:06 INFO org.springframework.context.support.AbstractApplicationContext.prepareRefresh(AbstractApplicationContext.java:510) - Refreshing WebApplicationContext for namespace 'springmvc-servlet': startup date [Sun Aug 16 13:55:06 CST 2015]; parent: Root WebApplicationContext
08-16 13:55:06 INFO org.springframework.beans.factory.xml.XmlBeanDefinitionReader.loadBeanDefinitions(XmlBeanDefinitionReader.java:315) - Loading XML bean definitions from class path resource [springmvc-servlet.xml]
08-16 13:55:06 INFO org.springframework.context.annotation.ClassPathScanningCandidateComponentProvider.registerDefaultFilters(ClassPathScanningCandidateComponentProvider.java:230) - JSR-330 'javax.inject.Named' annotation found and supported for component scanning
08-16 13:55:07 INFO org.springframework.beans.factory.annotation.AutowiredAnnotationBeanPostProcessor.<init>(AutowiredAnnotationBeanPostProcessor.java:140) - JSR-330 'javax.inject.Inject' annotation found and supported for autowiring
08-16 13:55:07 INFO org.springframework.beans.factory.support.DefaultListableBeanFactory.preInstantiateSingletons(DefaultListableBeanFactory.java:577) - Pre-instantiating singletons in org.springframework.beans.factory.support.DefaultListableBeanFactory@60c481cc: defining beans [userController,yzmController,org.springframework.context.annotation.internalConfigurationAnnotationProcessor,org.springframework.context.annotation.internalAutowiredAnnotationProcessor,org.springframework.context.annotation.internalRequiredAnnotationProcessor,org.springframework.context.annotation.internalCommonAnnotationProcessor,org.springframework.web.servlet.mvc.annotation.DefaultAnnotationHandlerMapping#0,org.springframework.web.servlet.mvc.annotation.AnnotationMethodHandlerAdapter#0,org.springframework.web.servlet.view.InternalResourceViewResolver#0,multipartResolver,org.springframework.web.servlet.resource.DefaultServletHttpRequestHandler#0,org.springframework.web.servlet.handler.SimpleUrlHandlerMapping#0,org.springframework.web.servlet.handler.BeanNameUrlHandlerMapping,org.springframework.web.servlet.mvc.HttpRequestHandlerAdapter,org.springframework.web.servlet.mvc.SimpleControllerHandlerAdapter,org.springframework.context.annotation.ConfigurationClassPostProcessor.importAwareProcessor]; parent: org.springframework.beans.factory.support.DefaultListableBeanFactory@3abfa5d0
08-16 13:55:07 INFO org.springframework.web.servlet.handler.AbstractUrlHandlerMapping.registerHandler(AbstractUrlHandlerMapping.java:315) - Mapped URL path [/user/update] onto handler 'userController'
08-16 13:55:07 INFO org.springframework.web.servlet.handler.AbstractUrlHandlerMapping.registerHandler(AbstractUrlHandlerMapping.java:315) - Mapped URL path [/user/update.*] onto handler 'userController'
08-16 13:55:07 INFO org.springframework.web.servlet.handler.AbstractUrlHandlerMapping.registerHandler(AbstractUrlHandlerMapping.java:315) - Mapped URL path [/user/update/] onto handler 'userController'
08-16 13:55:07 INFO org.springframework.web.servlet.handler.AbstractUrlHandlerMapping.registerHandler(AbstractUrlHandlerMapping.java:315) - Mapped URL path [/user/reg] onto handler 'userController'
08-16 13:55:07 INFO org.springframework.web.servlet.handler.AbstractUrlHandlerMapping.registerHandler(AbstractUrlHandlerMapping.java:315) - Mapped URL path [/user/reg.*] onto handler 'userController'
08-16 13:55:07 INFO org.springframework.web.servlet.handler.AbstractUrlHandlerMapping.registerHandler(AbstractUrlHandlerMapping.java:315) - Mapped URL path [/user/reg/] onto handler 'userController'
08-16 13:55:07 INFO org.springframework.web.servlet.handler.AbstractUrlHandlerMapping.registerHandler(AbstractUrlHandlerMapping.java:315) - Mapped URL path [/user/login] onto handler 'userController'
08-16 13:55:07 INFO org.springframework.web.servlet.handler.AbstractUrlHandlerMapping.registerHandler(AbstractUrlHandlerMapping.java:315) - Mapped URL path [/user/login.*] onto handler 'userController'
08-16 13:55:07 INFO org.springframework.web.servlet.handler.AbstractUrlHandlerMapping.registerHandler(AbstractUrlHandlerMapping.java:315) - Mapped URL path [/user/login/] onto handler 'userController'
08-16 13:55:07 INFO org.springframework.web.servlet.handler.AbstractUrlHandlerMapping.registerHandler(AbstractUrlHandlerMapping.java:315) - Mapped URL path [/user/queryUser] onto handler 'userController'
08-16 13:55:07 INFO org.springframework.web.servlet.handler.AbstractUrlHandlerMapping.registerHandler(AbstractUrlHandlerMapping.java:315) - Mapped URL path [/user/queryUser.*] onto handler 'userController'
08-16 13:55:07 INFO org.springframework.web.servlet.handler.AbstractUrlHandlerMapping.registerHandler(AbstractUrlHandlerMapping.java:315) - Mapped URL path [/user/queryUser/] onto handler 'userController'
08-16 13:55:07 INFO org.springframework.web.servlet.handler.AbstractUrlHandlerMapping.registerHandler(AbstractUrlHandlerMapping.java:315) - Mapped URL path [/user/getYzmByEmail] onto handler 'userController'
08-16 13:55:07 INFO org.springframework.web.servlet.handler.AbstractUrlHandlerMapping.registerHandler(AbstractUrlHandlerMapping.java:315) - Mapped URL path [/user/getYzmByEmail.*] onto handler 'userController'
08-16 13:55:07 INFO org.springframework.web.servlet.handler.AbstractUrlHandlerMapping.registerHandler(AbstractUrlHandlerMapping.java:315) - Mapped URL path [/user/getYzmByEmail/] onto handler 'userController'
08-16 13:55:07 INFO org.springframework.web.servlet.handler.AbstractUrlHandlerMapping.registerHandler(AbstractUrlHandlerMapping.java:315) - Mapped URL path [/user/mailActive] onto handler 'userController'
08-16 13:55:07 INFO org.springframework.web.servlet.handler.AbstractUrlHandlerMapping.registerHandler(AbstractUrlHandlerMapping.java:315) - Mapped URL path [/user/mailActive.*] onto handler 'userController'
08-16 13:55:07 INFO org.springframework.web.servlet.handler.AbstractUrlHandlerMapping.registerHandler(AbstractUrlHandlerMapping.java:315) - Mapped URL path [/user/mailActive/] onto handler 'userController'
08-16 13:55:07 INFO org.springframework.web.servlet.handler.AbstractUrlHandlerMapping.registerHandler(AbstractUrlHandlerMapping.java:315) - Mapped URL path [/user/getYzmByPhone] onto handler 'userController'
08-16 13:55:07 INFO org.springframework.web.servlet.handler.AbstractUrlHandlerMapping.registerHandler(AbstractUrlHandlerMapping.java:315) - Mapped URL path [/user/getYzmByPhone.*] onto handler 'userController'
08-16 13:55:07 INFO org.springframework.web.servlet.handler.AbstractUrlHandlerMapping.registerHandler(AbstractUrlHandlerMapping.java:315) - Mapped URL path [/user/getYzmByPhone/] onto handler 'userController'
08-16 13:55:07 INFO org.springframework.web.servlet.handler.AbstractUrlHandlerMapping.registerHandler(AbstractUrlHandlerMapping.java:315) - Mapped URL path [/user/modifypasswd] onto handler 'userController'
08-16 13:55:07 INFO org.springframework.web.servlet.handler.AbstractUrlHandlerMapping.registerHandler(AbstractUrlHandlerMapping.java:315) - Mapped URL path [/user/modifypasswd.*] onto handler 'userController'
08-16 13:55:07 INFO org.springframework.web.servlet.handler.AbstractUrlHandlerMapping.registerHandler(AbstractUrlHandlerMapping.java:315) - Mapped URL path [/user/modifypasswd/] onto handler 'userController'
08-16 13:55:07 INFO org.springframework.web.servlet.handler.AbstractUrlHandlerMapping.registerHandler(AbstractUrlHandlerMapping.java:315) - Mapped URL path [/user/userSignIn] onto handler 'userController'
08-16 13:55:07 INFO org.springframework.web.servlet.handler.AbstractUrlHandlerMapping.registerHandler(AbstractUrlHandlerMapping.java:315) - Mapped URL path [/user/userSignIn.*] onto handler 'userController'
08-16 13:55:07 INFO org.springframework.web.servlet.handler.AbstractUrlHandlerMapping.registerHandler(AbstractUrlHandlerMapping.java:315) - Mapped URL path [/user/userSignIn/] onto handler 'userController'
08-16 13:55:07 INFO org.springframework.web.servlet.handler.AbstractUrlHandlerMapping.registerHandler(AbstractUrlHandlerMapping.java:315) - Mapped URL path [/user/userUnique] onto handler 'userController'
08-16 13:55:07 INFO org.springframework.web.servlet.handler.AbstractUrlHandlerMapping.registerHandler(AbstractUrlHandlerMapping.java:315) - Mapped URL path [/user/userUnique.*] onto handler 'userController'
08-16 13:55:07 INFO org.springframework.web.servlet.handler.AbstractUrlHandlerMapping.registerHandler(AbstractUrlHandlerMapping.java:315) - Mapped URL path [/user/userUnique/] onto handler 'userController'
08-16 13:55:07 INFO org.springframework.web.servlet.handler.AbstractUrlHandlerMapping.registerHandler(AbstractUrlHandlerMapping.java:315) - Mapped URL path [/user] onto handler 'userController'
08-16 13:55:07 INFO org.springframework.web.servlet.handler.AbstractUrlHandlerMapping.registerHandler(AbstractUrlHandlerMapping.java:315) - Mapped URL path [/user.*] onto handler 'userController'
08-16 13:55:07 INFO org.springframework.web.servlet.handler.AbstractUrlHandlerMapping.registerHandler(AbstractUrlHandlerMapping.java:315) - Mapped URL path [/user/] onto handler 'userController'
08-16 13:55:08 INFO org.springframework.web.servlet.handler.AbstractUrlHandlerMapping.registerHandler(AbstractUrlHandlerMapping.java:315) - Mapped URL path [/**] onto handler 'org.springframework.web.servlet.resource.DefaultServletHttpRequestHandler#0'
08-16 13:55:08 INFO org.springframework.web.servlet.FrameworkServlet.initServletBean(FrameworkServlet.java:472) - FrameworkServlet 'springmvc': initialization completed in 1409 ms
08-16 13:55:17 INFO com.kzsrm.interceptor.BaseAuthInterceptor.preHandle(BaseAuthInterceptor.java:56) - enter BaseAuthInterceptor perHandle method...
08-16 13:55:17 INFO com.kzsrm.interceptor.BaseAuthInterceptor.preHandle(BaseAuthInterceptor.java:58) - Visitor URI[/user/update],
	Headers->Host=localhost:8080	HTTPS=1	Cookie=JSESSIONID=111s4o0l6mah6	Content-Length=6400	Origin=http://localhost:8080	
	Parameters->submit=Submit	
08-16 13:56:03 INFO org.springframework.web.context.ContextLoader.initWebApplicationContext(ContextLoader.java:272) - Root WebApplicationContext: initialization started
08-16 13:56:03 INFO org.springframework.context.support.AbstractApplicationContext.prepareRefresh(AbstractApplicationContext.java:510) - Refreshing Root WebApplicationContext: startup date [Sun Aug 16 13:56:03 CST 2015]; root of context hierarchy
08-16 13:56:03 INFO org.springframework.beans.factory.xml.XmlBeanDefinitionReader.loadBeanDefinitions(XmlBeanDefinitionReader.java:315) - Loading XML bean definitions from class path resource [applicationContext.xml]
08-16 13:56:03 INFO org.springframework.context.annotation.ClassPathScanningCandidateComponentProvider.registerDefaultFilters(ClassPathScanningCandidateComponentProvider.java:230) - JSR-330 'javax.inject.Named' annotation found and supported for component scanning
08-16 13:56:04 INFO org.springframework.core.io.support.PropertiesLoaderSupport.loadProperties(PropertiesLoaderSupport.java:177) - Loading properties file from URL [file:/D:/Echo/antproject/ant/target/classes/application.properties]
08-16 13:56:04 INFO org.springframework.beans.factory.annotation.AutowiredAnnotationBeanPostProcessor.<init>(AutowiredAnnotationBeanPostProcessor.java:140) - JSR-330 'javax.inject.Inject' annotation found and supported for autowiring
08-16 13:56:04 INFO org.springframework.beans.factory.support.DefaultListableBeanFactory.preInstantiateSingletons(DefaultListableBeanFactory.java:577) - Pre-instantiating singletons in org.springframework.beans.factory.support.DefaultListableBeanFactory@7791a53c: defining beans [org.springframework.beans.factory.config.PropertyPlaceholderConfigurer#0,org.springframework.context.annotation.internalConfigurationAnnotationProcessor,org.springframework.context.annotation.internalAutowiredAnnotationProcessor,org.springframework.context.annotation.internalRequiredAnnotationProcessor,org.springframework.context.annotation.internalCommonAnnotationProcessor,userController,yzmController,userDao,userService,dataSource,sqlSessionFactory,transactionManager,org.springframework.aop.config.internalAutoProxyCreator,org.springframework.transaction.annotation.AnnotationTransactionAttributeSource#0,org.springframework.transaction.interceptor.TransactionInterceptor#0,org.springframework.transaction.config.internalTransactionAdvisor,org.springframework.context.annotation.CommonAnnotationBeanPostProcessor#0,org.springframework.context.annotation.ConfigurationClassPostProcessor.importAwareProcessor]; root of factory hierarchy
08-16 13:56:04 INFO com.mchange.v2.log.MLog.<clinit>(MLog.java:80) - MLog clients using log4j logging.
08-16 13:56:04 INFO com.mchange.v2.c3p0.C3P0Registry.banner(C3P0Registry.java:204) - Initializing c3p0-0.9.2 [built 09-February-2013 02:13:17 +0000; debug? true; trace: 10]
08-16 13:56:05 INFO com.mchange.v2.c3p0.impl.AbstractPoolBackedDataSource.getPoolManager(AbstractPoolBackedDataSource.java:510) - Initializing c3p0 pool... com.mchange.v2.c3p0.ComboPooledDataSource [ acquireIncrement -> 5, acquireRetryAttempts -> 30, acquireRetryDelay -> 1000, autoCommitOnClose -> false, automaticTestTable -> null, breakAfterAcquireFailure -> true, checkoutTimeout -> 0, connectionCustomizerClassName -> null, connectionTesterClassName -> com.mchange.v2.c3p0.impl.DefaultConnectionTester, dataSourceName -> 1hge4f89beq6y1169h972|2a3ec96e, debugUnreturnedConnectionStackTraces -> false, description -> null, driverClass -> com.mysql.jdbc.Driver, factoryClassLocation -> null, forceIgnoreUnresolvedTransactions -> false, identityToken -> 1hge4f89beq6y1169h972|2a3ec96e, idleConnectionTestPeriod -> 1800, initialPoolSize -> 20, jdbcUrl -> jdbc:mysql://123.57.46.219/ant?useUnicode=true&characterEncoding=GBK, maxAdministrativeTaskTime -> 0, maxConnectionAge -> 0, maxIdleTime -> 1800, maxIdleTimeExcessConnections -> 0, maxPoolSize -> 100, maxStatements -> 0, maxStatementsPerConnection -> 0, minPoolSize -> 20, numHelperThreads -> 3, preferredTestQuery -> null, properties -> {user=******, password=******}, propertyCycle -> 0, statementCacheNumDeferredCloseThreads -> 0, testConnectionOnCheckin -> false, testConnectionOnCheckout -> false, unreturnedConnectionTimeout -> 0, userOverrides -> {}, usesTraditionalReflectiveProxies -> false ]
08-16 13:56:06 INFO org.springframework.web.context.ContextLoader.initWebApplicationContext(ContextLoader.java:301) - Root WebApplicationContext: initialization completed in 2580 ms
08-16 13:56:06 INFO org.springframework.web.servlet.FrameworkServlet.initServletBean(FrameworkServlet.java:453) - FrameworkServlet 'springmvc': initialization started
08-16 13:56:06 INFO org.springframework.context.support.AbstractApplicationContext.prepareRefresh(AbstractApplicationContext.java:510) - Refreshing WebApplicationContext for namespace 'springmvc-servlet': startup date [Sun Aug 16 13:56:06 CST 2015]; parent: Root WebApplicationContext
08-16 13:56:06 INFO org.springframework.beans.factory.xml.XmlBeanDefinitionReader.loadBeanDefinitions(XmlBeanDefinitionReader.java:315) - Loading XML bean definitions from class path resource [springmvc-servlet.xml]
08-16 13:56:06 INFO org.springframework.context.annotation.ClassPathScanningCandidateComponentProvider.registerDefaultFilters(ClassPathScanningCandidateComponentProvider.java:230) - JSR-330 'javax.inject.Named' annotation found and supported for component scanning
08-16 13:56:06 INFO org.springframework.beans.factory.annotation.AutowiredAnnotationBeanPostProcessor.<init>(AutowiredAnnotationBeanPostProcessor.java:140) - JSR-330 'javax.inject.Inject' annotation found and supported for autowiring
08-16 13:56:06 INFO org.springframework.beans.factory.support.DefaultListableBeanFactory.preInstantiateSingletons(DefaultListableBeanFactory.java:577) - Pre-instantiating singletons in org.springframework.beans.factory.support.DefaultListableBeanFactory@69f3b0f1: defining beans [userController,yzmController,org.springframework.context.annotation.internalConfigurationAnnotationProcessor,org.springframework.context.annotation.internalAutowiredAnnotationProcessor,org.springframework.context.annotation.internalRequiredAnnotationProcessor,org.springframework.context.annotation.internalCommonAnnotationProcessor,org.springframework.web.servlet.mvc.annotation.DefaultAnnotationHandlerMapping#0,org.springframework.web.servlet.mvc.annotation.AnnotationMethodHandlerAdapter#0,org.springframework.web.servlet.view.InternalResourceViewResolver#0,multipartResolver,org.springframework.web.servlet.resource.DefaultServletHttpRequestHandler#0,org.springframework.web.servlet.handler.SimpleUrlHandlerMapping#0,org.springframework.web.servlet.handler.BeanNameUrlHandlerMapping,org.springframework.web.servlet.mvc.HttpRequestHandlerAdapter,org.springframework.web.servlet.mvc.SimpleControllerHandlerAdapter,org.springframework.context.annotation.ConfigurationClassPostProcessor.importAwareProcessor]; parent: org.springframework.beans.factory.support.DefaultListableBeanFactory@7791a53c
08-16 13:56:07 INFO org.springframework.web.servlet.handler.AbstractUrlHandlerMapping.registerHandler(AbstractUrlHandlerMapping.java:315) - Mapped URL path [/user/update] onto handler 'userController'
08-16 13:56:07 INFO org.springframework.web.servlet.handler.AbstractUrlHandlerMapping.registerHandler(AbstractUrlHandlerMapping.java:315) - Mapped URL path [/user/update.*] onto handler 'userController'
08-16 13:56:07 INFO org.springframework.web.servlet.handler.AbstractUrlHandlerMapping.registerHandler(AbstractUrlHandlerMapping.java:315) - Mapped URL path [/user/update/] onto handler 'userController'
08-16 13:56:07 INFO org.springframework.web.servlet.handler.AbstractUrlHandlerMapping.registerHandler(AbstractUrlHandlerMapping.java:315) - Mapped URL path [/user/reg] onto handler 'userController'
08-16 13:56:07 INFO org.springframework.web.servlet.handler.AbstractUrlHandlerMapping.registerHandler(AbstractUrlHandlerMapping.java:315) - Mapped URL path [/user/reg.*] onto handler 'userController'
08-16 13:56:07 INFO org.springframework.web.servlet.handler.AbstractUrlHandlerMapping.registerHandler(AbstractUrlHandlerMapping.java:315) - Mapped URL path [/user/reg/] onto handler 'userController'
08-16 13:56:07 INFO org.springframework.web.servlet.handler.AbstractUrlHandlerMapping.registerHandler(AbstractUrlHandlerMapping.java:315) - Mapped URL path [/user/login] onto handler 'userController'
08-16 13:56:07 INFO org.springframework.web.servlet.handler.AbstractUrlHandlerMapping.registerHandler(AbstractUrlHandlerMapping.java:315) - Mapped URL path [/user/login.*] onto handler 'userController'
08-16 13:56:07 INFO org.springframework.web.servlet.handler.AbstractUrlHandlerMapping.registerHandler(AbstractUrlHandlerMapping.java:315) - Mapped URL path [/user/login/] onto handler 'userController'
08-16 13:56:07 INFO org.springframework.web.servlet.handler.AbstractUrlHandlerMapping.registerHandler(AbstractUrlHandlerMapping.java:315) - Mapped URL path [/user/queryUser] onto handler 'userController'
08-16 13:56:07 INFO org.springframework.web.servlet.handler.AbstractUrlHandlerMapping.registerHandler(AbstractUrlHandlerMapping.java:315) - Mapped URL path [/user/queryUser.*] onto handler 'userController'
08-16 13:56:07 INFO org.springframework.web.servlet.handler.AbstractUrlHandlerMapping.registerHandler(AbstractUrlHandlerMapping.java:315) - Mapped URL path [/user/queryUser/] onto handler 'userController'
08-16 13:56:07 INFO org.springframework.web.servlet.handler.AbstractUrlHandlerMapping.registerHandler(AbstractUrlHandlerMapping.java:315) - Mapped URL path [/user/getYzmByEmail] onto handler 'userController'
08-16 13:56:07 INFO org.springframework.web.servlet.handler.AbstractUrlHandlerMapping.registerHandler(AbstractUrlHandlerMapping.java:315) - Mapped URL path [/user/getYzmByEmail.*] onto handler 'userController'
08-16 13:56:07 INFO org.springframework.web.servlet.handler.AbstractUrlHandlerMapping.registerHandler(AbstractUrlHandlerMapping.java:315) - Mapped URL path [/user/getYzmByEmail/] onto handler 'userController'
08-16 13:56:07 INFO org.springframework.web.servlet.handler.AbstractUrlHandlerMapping.registerHandler(AbstractUrlHandlerMapping.java:315) - Mapped URL path [/user/mailActive] onto handler 'userController'
08-16 13:56:07 INFO org.springframework.web.servlet.handler.AbstractUrlHandlerMapping.registerHandler(AbstractUrlHandlerMapping.java:315) - Mapped URL path [/user/mailActive.*] onto handler 'userController'
08-16 13:56:07 INFO org.springframework.web.servlet.handler.AbstractUrlHandlerMapping.registerHandler(AbstractUrlHandlerMapping.java:315) - Mapped URL path [/user/mailActive/] onto handler 'userController'
08-16 13:56:07 INFO org.springframework.web.servlet.handler.AbstractUrlHandlerMapping.registerHandler(AbstractUrlHandlerMapping.java:315) - Mapped URL path [/user/getYzmByPhone] onto handler 'userController'
08-16 13:56:07 INFO org.springframework.web.servlet.handler.AbstractUrlHandlerMapping.registerHandler(AbstractUrlHandlerMapping.java:315) - Mapped URL path [/user/getYzmByPhone.*] onto handler 'userController'
08-16 13:56:07 INFO org.springframework.web.servlet.handler.AbstractUrlHandlerMapping.registerHandler(AbstractUrlHandlerMapping.java:315) - Mapped URL path [/user/getYzmByPhone/] onto handler 'userController'
08-16 13:56:07 INFO org.springframework.web.servlet.handler.AbstractUrlHandlerMapping.registerHandler(AbstractUrlHandlerMapping.java:315) - Mapped URL path [/user/modifypasswd] onto handler 'userController'
08-16 13:56:07 INFO org.springframework.web.servlet.handler.AbstractUrlHandlerMapping.registerHandler(AbstractUrlHandlerMapping.java:315) - Mapped URL path [/user/modifypasswd.*] onto handler 'userController'
08-16 13:56:07 INFO org.springframework.web.servlet.handler.AbstractUrlHandlerMapping.registerHandler(AbstractUrlHandlerMapping.java:315) - Mapped URL path [/user/modifypasswd/] onto handler 'userController'
08-16 13:56:07 INFO org.springframework.web.servlet.handler.AbstractUrlHandlerMapping.registerHandler(AbstractUrlHandlerMapping.java:315) - Mapped URL path [/user/userSignIn] onto handler 'userController'
08-16 13:56:07 INFO org.springframework.web.servlet.handler.AbstractUrlHandlerMapping.registerHandler(AbstractUrlHandlerMapping.java:315) - Mapped URL path [/user/userSignIn.*] onto handler 'userController'
08-16 13:56:07 INFO org.springframework.web.servlet.handler.AbstractUrlHandlerMapping.registerHandler(AbstractUrlHandlerMapping.java:315) - Mapped URL path [/user/userSignIn/] onto handler 'userController'
08-16 13:56:07 INFO org.springframework.web.servlet.handler.AbstractUrlHandlerMapping.registerHandler(AbstractUrlHandlerMapping.java:315) - Mapped URL path [/user/userUnique] onto handler 'userController'
08-16 13:56:07 INFO org.springframework.web.servlet.handler.AbstractUrlHandlerMapping.registerHandler(AbstractUrlHandlerMapping.java:315) - Mapped URL path [/user/userUnique.*] onto handler 'userController'
08-16 13:56:07 INFO org.springframework.web.servlet.handler.AbstractUrlHandlerMapping.registerHandler(AbstractUrlHandlerMapping.java:315) - Mapped URL path [/user/userUnique/] onto handler 'userController'
08-16 13:56:07 INFO org.springframework.web.servlet.handler.AbstractUrlHandlerMapping.registerHandler(AbstractUrlHandlerMapping.java:315) - Mapped URL path [/user] onto handler 'userController'
08-16 13:56:07 INFO org.springframework.web.servlet.handler.AbstractUrlHandlerMapping.registerHandler(AbstractUrlHandlerMapping.java:315) - Mapped URL path [/user.*] onto handler 'userController'
08-16 13:56:07 INFO org.springframework.web.servlet.handler.AbstractUrlHandlerMapping.registerHandler(AbstractUrlHandlerMapping.java:315) - Mapped URL path [/user/] onto handler 'userController'
08-16 13:56:07 INFO org.springframework.web.servlet.handler.AbstractUrlHandlerMapping.registerHandler(AbstractUrlHandlerMapping.java:315) - Mapped URL path [/**] onto handler 'org.springframework.web.servlet.resource.DefaultServletHttpRequestHandler#0'
08-16 13:56:07 INFO org.springframework.web.servlet.FrameworkServlet.initServletBean(FrameworkServlet.java:472) - FrameworkServlet 'springmvc': initialization completed in 1346 ms
08-16 13:56:08 INFO org.springframework.context.support.AbstractApplicationContext.doClose(AbstractApplicationContext.java:1042) - Closing WebApplicationContext for namespace 'springmvc-servlet': startup date [Sun Aug 16 13:56:06 CST 2015]; parent: Root WebApplicationContext
08-16 13:56:08 INFO org.springframework.beans.factory.support.DefaultSingletonBeanRegistry.destroySingletons(DefaultSingletonBeanRegistry.java:444) - Destroying singletons in org.springframework.beans.factory.support.DefaultListableBeanFactory@69f3b0f1: defining beans [userController,yzmController,org.springframework.context.annotation.internalConfigurationAnnotationProcessor,org.springframework.context.annotation.internalAutowiredAnnotationProcessor,org.springframework.context.annotation.internalRequiredAnnotationProcessor,org.springframework.context.annotation.internalCommonAnnotationProcessor,org.springframework.web.servlet.mvc.annotation.DefaultAnnotationHandlerMapping#0,org.springframework.web.servlet.mvc.annotation.AnnotationMethodHandlerAdapter#0,org.springframework.web.servlet.view.InternalResourceViewResolver#0,multipartResolver,org.springframework.web.servlet.resource.DefaultServletHttpRequestHandler#0,org.springframework.web.servlet.handler.SimpleUrlHandlerMapping#0,org.springframework.web.servlet.handler.BeanNameUrlHandlerMapping,org.springframework.web.servlet.mvc.HttpRequestHandlerAdapter,org.springframework.web.servlet.mvc.SimpleControllerHandlerAdapter,org.springframework.context.annotation.ConfigurationClassPostProcessor.importAwareProcessor]; parent: org.springframework.beans.factory.support.DefaultListableBeanFactory@7791a53c
08-16 13:56:24 INFO org.springframework.web.context.ContextLoader.initWebApplicationContext(ContextLoader.java:272) - Root WebApplicationContext: initialization started
08-16 13:56:24 INFO org.springframework.context.support.AbstractApplicationContext.prepareRefresh(AbstractApplicationContext.java:510) - Refreshing Root WebApplicationContext: startup date [Sun Aug 16 13:56:24 CST 2015]; root of context hierarchy
08-16 13:56:24 INFO org.springframework.beans.factory.xml.XmlBeanDefinitionReader.loadBeanDefinitions(XmlBeanDefinitionReader.java:315) - Loading XML bean definitions from class path resource [applicationContext.xml]
08-16 13:56:24 INFO org.springframework.context.annotation.ClassPathScanningCandidateComponentProvider.registerDefaultFilters(ClassPathScanningCandidateComponentProvider.java:230) - JSR-330 'javax.inject.Named' annotation found and supported for component scanning
08-16 13:56:25 INFO org.springframework.core.io.support.PropertiesLoaderSupport.loadProperties(PropertiesLoaderSupport.java:177) - Loading properties file from URL [file:/D:/Echo/antproject/ant/target/classes/application.properties]
08-16 13:56:25 INFO org.springframework.beans.factory.annotation.AutowiredAnnotationBeanPostProcessor.<init>(AutowiredAnnotationBeanPostProcessor.java:140) - JSR-330 'javax.inject.Inject' annotation found and supported for autowiring
08-16 13:56:25 INFO org.springframework.beans.factory.support.DefaultListableBeanFactory.preInstantiateSingletons(DefaultListableBeanFactory.java:577) - Pre-instantiating singletons in org.springframework.beans.factory.support.DefaultListableBeanFactory@43ef5700: defining beans [org.springframework.beans.factory.config.PropertyPlaceholderConfigurer#0,org.springframework.context.annotation.internalConfigurationAnnotationProcessor,org.springframework.context.annotation.internalAutowiredAnnotationProcessor,org.springframework.context.annotation.internalRequiredAnnotationProcessor,org.springframework.context.annotation.internalCommonAnnotationProcessor,userController,yzmController,userDao,userService,dataSource,sqlSessionFactory,transactionManager,org.springframework.aop.config.internalAutoProxyCreator,org.springframework.transaction.annotation.AnnotationTransactionAttributeSource#0,org.springframework.transaction.interceptor.TransactionInterceptor#0,org.springframework.transaction.config.internalTransactionAdvisor,org.springframework.context.annotation.CommonAnnotationBeanPostProcessor#0,org.springframework.context.annotation.ConfigurationClassPostProcessor.importAwareProcessor]; root of factory hierarchy
08-16 13:56:25 INFO com.mchange.v2.log.MLog.<clinit>(MLog.java:80) - MLog clients using log4j logging.
08-16 13:56:25 INFO com.mchange.v2.c3p0.C3P0Registry.banner(C3P0Registry.java:204) - Initializing c3p0-0.9.2 [built 09-February-2013 02:13:17 +0000; debug? true; trace: 10]
08-16 13:56:25 INFO com.mchange.v2.c3p0.impl.AbstractPoolBackedDataSource.getPoolManager(AbstractPoolBackedDataSource.java:510) - Initializing c3p0 pool... com.mchange.v2.c3p0.ComboPooledDataSource [ acquireIncrement -> 5, acquireRetryAttempts -> 30, acquireRetryDelay -> 1000, autoCommitOnClose -> false, automaticTestTable -> null, breakAfterAcquireFailure -> true, checkoutTimeout -> 0, connectionCustomizerClassName -> null, connectionTesterClassName -> com.mchange.v2.c3p0.impl.DefaultConnectionTester, dataSourceName -> 1hge4f89beq7dyhk0u8yx|54f9c0d0, debugUnreturnedConnectionStackTraces -> false, description -> null, driverClass -> com.mysql.jdbc.Driver, factoryClassLocation -> null, forceIgnoreUnresolvedTransactions -> false, identityToken -> 1hge4f89beq7dyhk0u8yx|54f9c0d0, idleConnectionTestPeriod -> 1800, initialPoolSize -> 20, jdbcUrl -> jdbc:mysql://123.57.46.219/ant?useUnicode=true&characterEncoding=GBK, maxAdministrativeTaskTime -> 0, maxConnectionAge -> 0, maxIdleTime -> 1800, maxIdleTimeExcessConnections -> 0, maxPoolSize -> 100, maxStatements -> 0, maxStatementsPerConnection -> 0, minPoolSize -> 20, numHelperThreads -> 3, preferredTestQuery -> null, properties -> {user=******, password=******}, propertyCycle -> 0, statementCacheNumDeferredCloseThreads -> 0, testConnectionOnCheckin -> false, testConnectionOnCheckout -> false, unreturnedConnectionTimeout -> 0, userOverrides -> {}, usesTraditionalReflectiveProxies -> false ]
08-16 13:56:26 INFO org.springframework.web.context.ContextLoader.initWebApplicationContext(ContextLoader.java:301) - Root WebApplicationContext: initialization completed in 2768 ms
08-16 13:56:27 INFO org.springframework.web.servlet.FrameworkServlet.initServletBean(FrameworkServlet.java:453) - FrameworkServlet 'springmvc': initialization started
08-16 13:56:27 INFO org.springframework.context.support.AbstractApplicationContext.prepareRefresh(AbstractApplicationContext.java:510) - Refreshing WebApplicationContext for namespace 'springmvc-servlet': startup date [Sun Aug 16 13:56:27 CST 2015]; parent: Root WebApplicationContext
08-16 13:56:27 INFO org.springframework.beans.factory.xml.XmlBeanDefinitionReader.loadBeanDefinitions(XmlBeanDefinitionReader.java:315) - Loading XML bean definitions from class path resource [springmvc-servlet.xml]
08-16 13:56:27 INFO org.springframework.context.annotation.ClassPathScanningCandidateComponentProvider.registerDefaultFilters(ClassPathScanningCandidateComponentProvider.java:230) - JSR-330 'javax.inject.Named' annotation found and supported for component scanning
08-16 13:56:27 INFO org.springframework.beans.factory.annotation.AutowiredAnnotationBeanPostProcessor.<init>(AutowiredAnnotationBeanPostProcessor.java:140) - JSR-330 'javax.inject.Inject' annotation found and supported for autowiring
08-16 13:56:27 INFO org.springframework.beans.factory.support.DefaultListableBeanFactory.preInstantiateSingletons(DefaultListableBeanFactory.java:577) - Pre-instantiating singletons in org.springframework.beans.factory.support.DefaultListableBeanFactory@72c57532: defining beans [userController,yzmController,org.springframework.context.annotation.internalConfigurationAnnotationProcessor,org.springframework.context.annotation.internalAutowiredAnnotationProcessor,org.springframework.context.annotation.internalRequiredAnnotationProcessor,org.springframework.context.annotation.internalCommonAnnotationProcessor,org.springframework.web.servlet.mvc.annotation.DefaultAnnotationHandlerMapping#0,org.springframework.web.servlet.mvc.annotation.AnnotationMethodHandlerAdapter#0,org.springframework.web.servlet.view.InternalResourceViewResolver#0,multipartResolver,org.springframework.web.servlet.resource.DefaultServletHttpRequestHandler#0,org.springframework.web.servlet.handler.SimpleUrlHandlerMapping#0,org.springframework.web.servlet.handler.BeanNameUrlHandlerMapping,org.springframework.web.servlet.mvc.HttpRequestHandlerAdapter,org.springframework.web.servlet.mvc.SimpleControllerHandlerAdapter,org.springframework.context.annotation.ConfigurationClassPostProcessor.importAwareProcessor]; parent: org.springframework.beans.factory.support.DefaultListableBeanFactory@43ef5700
08-16 13:56:27 INFO org.springframework.web.servlet.handler.AbstractUrlHandlerMapping.registerHandler(AbstractUrlHandlerMapping.java:315) - Mapped URL path [/user/update] onto handler 'userController'
08-16 13:56:27 INFO org.springframework.web.servlet.handler.AbstractUrlHandlerMapping.registerHandler(AbstractUrlHandlerMapping.java:315) - Mapped URL path [/user/update.*] onto handler 'userController'
08-16 13:56:27 INFO org.springframework.web.servlet.handler.AbstractUrlHandlerMapping.registerHandler(AbstractUrlHandlerMapping.java:315) - Mapped URL path [/user/update/] onto handler 'userController'
08-16 13:56:27 INFO org.springframework.web.servlet.handler.AbstractUrlHandlerMapping.registerHandler(AbstractUrlHandlerMapping.java:315) - Mapped URL path [/user/reg] onto handler 'userController'
08-16 13:56:27 INFO org.springframework.web.servlet.handler.AbstractUrlHandlerMapping.registerHandler(AbstractUrlHandlerMapping.java:315) - Mapped URL path [/user/reg.*] onto handler 'userController'
08-16 13:56:27 INFO org.springframework.web.servlet.handler.AbstractUrlHandlerMapping.registerHandler(AbstractUrlHandlerMapping.java:315) - Mapped URL path [/user/reg/] onto handler 'userController'
08-16 13:56:27 INFO org.springframework.web.servlet.handler.AbstractUrlHandlerMapping.registerHandler(AbstractUrlHandlerMapping.java:315) - Mapped URL path [/user/login] onto handler 'userController'
08-16 13:56:27 INFO org.springframework.web.servlet.handler.AbstractUrlHandlerMapping.registerHandler(AbstractUrlHandlerMapping.java:315) - Mapped URL path [/user/login.*] onto handler 'userController'
08-16 13:56:27 INFO org.springframework.web.servlet.handler.AbstractUrlHandlerMapping.registerHandler(AbstractUrlHandlerMapping.java:315) - Mapped URL path [/user/login/] onto handler 'userController'
08-16 13:56:27 INFO org.springframework.web.servlet.handler.AbstractUrlHandlerMapping.registerHandler(AbstractUrlHandlerMapping.java:315) - Mapped URL path [/user/queryUser] onto handler 'userController'
08-16 13:56:27 INFO org.springframework.web.servlet.handler.AbstractUrlHandlerMapping.registerHandler(AbstractUrlHandlerMapping.java:315) - Mapped URL path [/user/queryUser.*] onto handler 'userController'
08-16 13:56:27 INFO org.springframework.web.servlet.handler.AbstractUrlHandlerMapping.registerHandler(AbstractUrlHandlerMapping.java:315) - Mapped URL path [/user/queryUser/] onto handler 'userController'
08-16 13:56:27 INFO org.springframework.web.servlet.handler.AbstractUrlHandlerMapping.registerHandler(AbstractUrlHandlerMapping.java:315) - Mapped URL path [/user/getYzmByEmail] onto handler 'userController'
08-16 13:56:27 INFO org.springframework.web.servlet.handler.AbstractUrlHandlerMapping.registerHandler(AbstractUrlHandlerMapping.java:315) - Mapped URL path [/user/getYzmByEmail.*] onto handler 'userController'
08-16 13:56:27 INFO org.springframework.web.servlet.handler.AbstractUrlHandlerMapping.registerHandler(AbstractUrlHandlerMapping.java:315) - Mapped URL path [/user/getYzmByEmail/] onto handler 'userController'
08-16 13:56:27 INFO org.springframework.web.servlet.handler.AbstractUrlHandlerMapping.registerHandler(AbstractUrlHandlerMapping.java:315) - Mapped URL path [/user/mailActive] onto handler 'userController'
08-16 13:56:27 INFO org.springframework.web.servlet.handler.AbstractUrlHandlerMapping.registerHandler(AbstractUrlHandlerMapping.java:315) - Mapped URL path [/user/mailActive.*] onto handler 'userController'
08-16 13:56:27 INFO org.springframework.web.servlet.handler.AbstractUrlHandlerMapping.registerHandler(AbstractUrlHandlerMapping.java:315) - Mapped URL path [/user/mailActive/] onto handler 'userController'
08-16 13:56:27 INFO org.springframework.web.servlet.handler.AbstractUrlHandlerMapping.registerHandler(AbstractUrlHandlerMapping.java:315) - Mapped URL path [/user/getYzmByPhone] onto handler 'userController'
08-16 13:56:27 INFO org.springframework.web.servlet.handler.AbstractUrlHandlerMapping.registerHandler(AbstractUrlHandlerMapping.java:315) - Mapped URL path [/user/getYzmByPhone.*] onto handler 'userController'
08-16 13:56:27 INFO org.springframework.web.servlet.handler.AbstractUrlHandlerMapping.registerHandler(AbstractUrlHandlerMapping.java:315) - Mapped URL path [/user/getYzmByPhone/] onto handler 'userController'
08-16 13:56:27 INFO org.springframework.web.servlet.handler.AbstractUrlHandlerMapping.registerHandler(AbstractUrlHandlerMapping.java:315) - Mapped URL path [/user/modifypasswd] onto handler 'userController'
08-16 13:56:27 INFO org.springframework.web.servlet.handler.AbstractUrlHandlerMapping.registerHandler(AbstractUrlHandlerMapping.java:315) - Mapped URL path [/user/modifypasswd.*] onto handler 'userController'
08-16 13:56:27 INFO org.springframework.web.servlet.handler.AbstractUrlHandlerMapping.registerHandler(AbstractUrlHandlerMapping.java:315) - Mapped URL path [/user/modifypasswd/] onto handler 'userController'
08-16 13:56:27 INFO org.springframework.web.servlet.handler.AbstractUrlHandlerMapping.registerHandler(AbstractUrlHandlerMapping.java:315) - Mapped URL path [/user/userSignIn] onto handler 'userController'
08-16 13:56:27 INFO org.springframework.web.servlet.handler.AbstractUrlHandlerMapping.registerHandler(AbstractUrlHandlerMapping.java:315) - Mapped URL path [/user/userSignIn.*] onto handler 'userController'
08-16 13:56:27 INFO org.springframework.web.servlet.handler.AbstractUrlHandlerMapping.registerHandler(AbstractUrlHandlerMapping.java:315) - Mapped URL path [/user/userSignIn/] onto handler 'userController'
08-16 13:56:27 INFO org.springframework.web.servlet.handler.AbstractUrlHandlerMapping.registerHandler(AbstractUrlHandlerMapping.java:315) - Mapped URL path [/user/userUnique] onto handler 'userController'
08-16 13:56:27 INFO org.springframework.web.servlet.handler.AbstractUrlHandlerMapping.registerHandler(AbstractUrlHandlerMapping.java:315) - Mapped URL path [/user/userUnique.*] onto handler 'userController'
08-16 13:56:27 INFO org.springframework.web.servlet.handler.AbstractUrlHandlerMapping.registerHandler(AbstractUrlHandlerMapping.java:315) - Mapped URL path [/user/userUnique/] onto handler 'userController'
08-16 13:56:27 INFO org.springframework.web.servlet.handler.AbstractUrlHandlerMapping.registerHandler(AbstractUrlHandlerMapping.java:315) - Mapped URL path [/user] onto handler 'userController'
08-16 13:56:27 INFO org.springframework.web.servlet.handler.AbstractUrlHandlerMapping.registerHandler(AbstractUrlHandlerMapping.java:315) - Mapped URL path [/user.*] onto handler 'userController'
08-16 13:56:27 INFO org.springframework.web.servlet.handler.AbstractUrlHandlerMapping.registerHandler(AbstractUrlHandlerMapping.java:315) - Mapped URL path [/user/] onto handler 'userController'
08-16 13:56:28 INFO org.springframework.web.servlet.handler.AbstractUrlHandlerMapping.registerHandler(AbstractUrlHandlerMapping.java:315) - Mapped URL path [/**] onto handler 'org.springframework.web.servlet.resource.DefaultServletHttpRequestHandler#0'
08-16 13:56:28 INFO org.springframework.web.servlet.FrameworkServlet.initServletBean(FrameworkServlet.java:472) - FrameworkServlet 'springmvc': initialization completed in 1442 ms
08-16 13:56:33 INFO com.kzsrm.interceptor.BaseAuthInterceptor.preHandle(BaseAuthInterceptor.java:56) - enter BaseAuthInterceptor perHandle method...
08-16 13:56:33 INFO com.kzsrm.interceptor.BaseAuthInterceptor.preHandle(BaseAuthInterceptor.java:58) - Visitor URI[/user/update],
	Headers->Host=localhost:8080	HTTPS=1	Cookie=JSESSIONID=73q7niuwqsdl	Content-Length=6400	Origin=http://localhost:8080	
	Parameters->submit=Submit	
